

================================================================
== Vivado HLS Report for 'knn_vote'
================================================================
* Date:           Tue Feb 20 21:15:40 2018

* Version:        2017.4 (Build 2086221 on Fri Dec 15 21:13:33 MST 2017)
* Project:        4-nn.prj
* Solution:       solution1
* Product family: zynq
* Target device:  xc7z020clg484-1


================================================================
== Performance Estimates
================================================================
+ Timing (ns): 
    * Summary: 
    +--------+-------+----------+------------+
    |  Clock | Target| Estimated| Uncertainty|
    +--------+-------+----------+------------+
    |ap_clk  |  10.00|      4.24|        1.25|
    +--------+-------+----------+------------+

+ Latency (clock cycles): 
    * Summary: 
    +-----+-----+-----+-----+---------+
    |  Latency  |  Interval | Pipeline|
    | min | max | min | max |   Type  |
    +-----+-----+-----+-----+---------+
    |  101|  101|  101|  101|   none  |
    +-----+-----+-----+-----+---------+

    + Detail: 
        * Instance: 
        N/A

        * Loop: 
        +-------------+-----+-----+----------+-----------+-----------+------+----------+
        |             |  Latency  | Iteration|  Initiation Interval  | Trip |          |
        |  Loop Name  | min | max |  Latency |  achieved |   target  | Count| Pipelined|
        +-------------+-----+-----+----------+-----------+-----------+------+----------+
        |- Loop 1     |  100|  100|        10|          -|          -|    10|    no    |
        | + Loop 1.1  |    8|    8|         2|          -|          -|     4|    no    |
        +-------------+-----+-----+----------+-----------+-----------+------+----------+



================================================================
== Utilization Estimates
================================================================
* Summary: 
+-----------------+---------+-------+--------+-------+
|       Name      | BRAM_18K| DSP48E|   FF   |  LUT  |
+-----------------+---------+-------+--------+-------+
|DSP              |        -|      -|       -|      -|
|Expression       |        -|      -|       0|    155|
|FIFO             |        -|      -|       -|      -|
|Instance         |        -|      -|       -|      -|
|Memory           |        -|      -|       -|      -|
|Multiplexer      |        -|      -|       -|     72|
|Register         |        -|      -|     102|      -|
+-----------------+---------+-------+--------+-------+
|Total            |        0|      0|     102|    227|
+-----------------+---------+-------+--------+-------+
|Available        |      280|    220|  106400|  53200|
+-----------------+---------+-------+--------+-------+
|Utilization (%)  |        0|      0|   ~0   |   ~0  |
+-----------------+---------+-------+--------+-------+

+ Detail: 
    * Instance: 
    N/A

    * DSP48: 
    N/A

    * Memory: 
    N/A

    * FIFO: 
    N/A

    * Expression: 
    +---------------------------------+----------+-------+---+----+------------+------------+
    |          Variable Name          | Operation| DSP48E| FF| LUT| Bitwidth P0| Bitwidth P1|
    +---------------------------------+----------+-------+---+----+------------+------------+
    |i_fu_112_p2                      |     +    |      0|  0|  13|           4|           1|
    |j_1_fu_140_p2                    |     +    |      0|  0|  12|           3|           1|
    |sum_distances_fu_189_p2          |     +    |      0|  0|  15|           8|           8|
    |tmp_5_fu_150_p2                  |     +    |      0|  0|  15|           7|           7|
    |exitcond7_fu_106_p2              |   icmp   |      0|  0|   9|           4|           4|
    |exitcond_fu_134_p2               |   icmp   |      0|  0|   9|           3|           4|
    |tmp_1_fu_164_p2                  |   icmp   |      0|  0|  18|          32|          32|
    |i_0_digit_recognized_fu_178_p3   |  select  |      0|  0|  32|           1|          32|
    |sum_distances_1_min_s_fu_170_p3  |  select  |      0|  0|  32|           1|          32|
    +---------------------------------+----------+-------+---+----+------------+------------+
    |Total                            |          |      0|  0| 155|          63|         121|
    +---------------------------------+----------+-------+---+----+------------+------------+

    * Multiplexer: 
    +----------------------------+----+-----------+-----+-----------+
    |            Name            | LUT| Input Size| Bits| Total Bits|
    +----------------------------+----+-----------+-----+-----------+
    |ap_NS_fsm                   |  27|          5|    1|          5|
    |ap_return                   |   9|          2|    4|          8|
    |digit_recognized_reg_68     |   9|          2|    4|          8|
    |j_reg_91                    |   9|          2|    3|          6|
    |min_sum_distances_1_reg_79  |   9|          2|    8|         16|
    |min_sum_distances_reg_44    |   9|          2|   32|         64|
    +----------------------------+----+-----------+-----+-----------+
    |Total                       |  72|         15|   52|        107|
    +----------------------------+----+-----------+-----+-----------+

    * Register: 
    +------------------------------+----+----+-----+-----------+
    |             Name             | FF | LUT| Bits| Const Bits|
    +------------------------------+----+----+-----+-----------+
    |ap_CS_fsm                     |   4|   0|    4|          0|
    |ap_return_preg                |   4|   0|    4|          0|
    |digit_recognized_cas_reg_195  |   4|   0|   32|         28|
    |digit_recognized_reg_68       |   4|   0|    4|          0|
    |i_reg_203                     |   4|   0|    4|          0|
    |j_1_reg_216                   |   3|   0|    3|          0|
    |j_reg_91                      |   3|   0|    3|          0|
    |min_sum_distances_1_reg_79    |   8|   0|    8|          0|
    |min_sum_distances_reg_44      |  32|   0|   32|          0|
    |tmp_4_cast_reg_208            |   4|   0|    7|          3|
    |val_assign_reg_56             |  32|   0|   32|          0|
    +------------------------------+----+----+-----+-----------+
    |Total                         | 102|   0|  133|         31|
    +------------------------------+----+----+-----+-----------+



================================================================
== Interface
================================================================
* Summary: 
+--------------------+-----+-----+------------+--------------+--------------+
|      RTL Ports     | Dir | Bits|  Protocol  | Source Object|    C Type    |
+--------------------+-----+-----+------------+--------------+--------------+
|ap_clk              |  in |    1| ap_ctrl_hs |   knn_vote   | return value |
|ap_rst              |  in |    1| ap_ctrl_hs |   knn_vote   | return value |
|ap_start            |  in |    1| ap_ctrl_hs |   knn_vote   | return value |
|ap_done             | out |    1| ap_ctrl_hs |   knn_vote   | return value |
|ap_idle             | out |    1| ap_ctrl_hs |   knn_vote   | return value |
|ap_ready            | out |    1| ap_ctrl_hs |   knn_vote   | return value |
|ap_return           | out |    4| ap_ctrl_hs |   knn_vote   | return value |
|knn_set_V_address0  | out |    6|  ap_memory |   knn_set_V  |     array    |
|knn_set_V_ce0       | out |    1|  ap_memory |   knn_set_V  |     array    |
|knn_set_V_q0        |  in |    6|  ap_memory |   knn_set_V  |     array    |
+--------------------+-----+-----+------------+--------------+--------------+

