

================================================================
== Vivado HLS Report for 'knn_vote'
================================================================
* Date:           Tue Feb 20 21:12:07 2018

* Version:        2017.4 (Build 2086221 on Fri Dec 15 21:13:33 MST 2017)
* Project:        1-nn.prj
* Solution:       solution1
* Product family: zynq
* Target device:  xc7z020clg484-1


================================================================
== Performance Estimates
================================================================
+ Timing (ns): 
    * Summary: 
    +--------+-------+----------+------------+
    |  Clock | Target| Estimated| Uncertainty|
    +--------+-------+----------+------------+
    |ap_clk  |  10.00|      6.17|        1.25|
    +--------+-------+----------+------------+

+ Latency (clock cycles): 
    * Summary: 
    +-----+-----+-----+-----+---------+
    |  Latency  |  Interval | Pipeline|
    | min | max | min | max |   Type  |
    +-----+-----+-----+-----+---------+
    |   21|   21|   21|   21|   none  |
    +-----+-----+-----+-----+---------+

    + Detail: 
        * Instance: 
        N/A

        * Loop: 
        +----------+-----+-----+----------+-----------+-----------+------+----------+
        |          |  Latency  | Iteration|  Initiation Interval  | Trip |          |
        | Loop Name| min | max |  Latency |  achieved |   target  | Count| Pipelined|
        +----------+-----+-----+----------+-----------+-----------+------+----------+
        |- Loop 1  |   20|   20|         2|          -|          -|    10|    no    |
        +----------+-----+-----+----------+-----------+-----------+------+----------+

============================================================
+ Verbose Summary: Synthesis Manager
============================================================
InlineROM: 1
ExposeGlobal: 0
============================================================
+ Verbose Summary: CDFG Model
============================================================
IsTopModel: 0
ResetActiveHigh: 1
IsCombinational: 0
IsDatapathOnly: 0
HasWiredReturn: 1
HasMFsm: 0
HasVarLatency: 1
IsPipeline: 0
IsRtlPipelined: 0
IsInstanceOverlapped: 0
IsDontTouch: 0
HasImplIP: 0
IsGatedGlobalClock: 0


============================================================
+ Verbose Summary: Schedule
============================================================
* Number of FSM states : 3
* Pipeline : 0
* Dataflow Pipeline: 0

* FSM state transitions: 
1 --> 
	2  / true
2 --> 
	3  / (!exitcond7)
3 --> 
	2  / true

* FSM state operations: 

 <State 1> : 1.77ns
ST_1 : Operation 4 [1/1] (1.76ns)   --->   "br label %1" [digitrec.cpp:121]

 <State 2> : 2.32ns
ST_2 : Operation 5 [1/1] (0.00ns)   --->   "%min_sum_distances = phi i32 [ 50, %0 ], [ %sum_distances_1_min_s, %.preheader.preheader ]" [digitrec.cpp:125]
ST_2 : Operation 6 [1/1] (0.00ns)   --->   "%val_assign = phi i32 [ undef, %0 ], [ %i_0_digit_recognized, %.preheader.preheader ]" [digitrec.cpp:125]
ST_2 : Operation 7 [1/1] (0.00ns)   --->   "%digit_recognized = phi i4 [ 0, %0 ], [ %i, %.preheader.preheader ]"
ST_2 : Operation 8 [1/1] (0.00ns)   --->   "%digit_recognized_cas = zext i4 %digit_recognized to i32" [digitrec.cpp:127]
ST_2 : Operation 9 [1/1] (1.30ns)   --->   "%exitcond7 = icmp eq i4 %digit_recognized, -6" [digitrec.cpp:121]   --->   Core 25 'Cmp' <Latency = 0> <II = 1> <Delay = 2.47> <FuncUnit> <Opcode : 'icmp'> <InPorts = 2> <OutPorts = 1>
ST_2 : Operation 10 [1/1] (0.00ns)   --->   "%empty = call i32 (...)* @_ssdm_op_SpecLoopTripCount(i64 10, i64 10, i64 10)"
ST_2 : Operation 11 [1/1] (1.73ns)   --->   "%i = add i4 %digit_recognized, 1" [digitrec.cpp:121]   --->   Core 14 'AddSub' <Latency = 0> <II = 1> <Delay = 1.73> <FuncUnit> <Opcode : 'add' 'sub'> <InPorts = 2> <OutPorts = 1>
ST_2 : Operation 12 [1/1] (0.00ns)   --->   "br i1 %exitcond7, label %2, label %.preheader.preheader" [digitrec.cpp:121]
ST_2 : Operation 13 [1/1] (0.00ns)   --->   "%tmp_s = zext i4 %digit_recognized to i64" [digitrec.cpp:123]
ST_2 : Operation 14 [1/1] (0.00ns)   --->   "%knn_set_0_V_addr = getelementptr [10 x i5]* %knn_set_0_V, i64 0, i64 %tmp_s" [digitrec.cpp:123]
ST_2 : Operation 15 [2/2] (2.32ns)   --->   "%knn_set_0_V_load = load i5* %knn_set_0_V_addr, align 1" [digitrec.cpp:123]   --->   Core 37 'RAM' <Latency = 1> <II = 1> <Delay = 2.32> <Storage> <Opcode : 'load' 'store'> <Ports = 2> <Width = 5> <Depth = 10> <RAM>
ST_2 : Operation 16 [1/1] (0.00ns)   --->   "%tmp = trunc i32 %val_assign to i4" [digitrec.cpp:131]
ST_2 : Operation 17 [1/1] (0.00ns)   --->   "ret i4 %tmp" [digitrec.cpp:131]

 <State 3> : 6.17ns
ST_3 : Operation 18 [1/2] (2.32ns)   --->   "%knn_set_0_V_load = load i5* %knn_set_0_V_addr, align 1" [digitrec.cpp:123]   --->   Core 37 'RAM' <Latency = 1> <II = 1> <Delay = 2.32> <Storage> <Opcode : 'load' 'store'> <Ports = 2> <Width = 5> <Depth = 10> <RAM>
ST_3 : Operation 19 [1/1] (0.00ns)   --->   "%extLd = sext i5 %knn_set_0_V_load to i6" [digitrec.cpp:123]
ST_3 : Operation 20 [1/1] (0.00ns)   --->   "%tmp_3 = zext i6 %extLd to i32" [digitrec.cpp:123]
ST_3 : Operation 21 [1/1] (2.47ns)   --->   "%tmp_1 = icmp slt i32 %tmp_3, %min_sum_distances" [digitrec.cpp:125]   --->   Core 25 'Cmp' <Latency = 0> <II = 1> <Delay = 2.47> <FuncUnit> <Opcode : 'icmp'> <InPorts = 2> <OutPorts = 1>
ST_3 : Operation 22 [1/1] (1.37ns)   --->   "%sum_distances_1_min_s = select i1 %tmp_1, i32 %tmp_3, i32 %min_sum_distances" [digitrec.cpp:125]   --->   Core 26 'Sel' <Latency = 0> <II = 1> <Delay = 1.37> <FuncUnit> <Opcode : 'select'> <InPorts = 3> <OutPorts = 1>
ST_3 : Operation 23 [1/1] (1.37ns)   --->   "%i_0_digit_recognized = select i1 %tmp_1, i32 %digit_recognized_cas, i32 %val_assign" [digitrec.cpp:125]   --->   Core 26 'Sel' <Latency = 0> <II = 1> <Delay = 1.37> <FuncUnit> <Opcode : 'select'> <InPorts = 3> <OutPorts = 1>
ST_3 : Operation 24 [1/1] (0.00ns)   --->   "br label %1" [digitrec.cpp:121]


============================================================
+ Verbose Summary: Binding
============================================================
STG Binding: 
---------------- STG Properties BEGIN ----------------
- Is combinational: 0
- Is one-state seq: 0
- Is datapath-only: 0
- Is pipelined: 0
- Is top level: 0
Port [ Return ] is wired: 1; IO mode=ap_ctrl_hs:ce=0
Port [ knn_set_0_V]:  wired=1; compound=1; hidden=0; nouse=0; global=0; static=0; extern=0; dir=0; type=1; pingpong=0; private_global=0; MemPort=[13]; IO mode=ap_memory:ce=0
---------------- STG Properties END ------------------

---------------- Datapath Model BEGIN ----------------

<LifeTime>
<method=bitvector/>
StgValue_4            (br               ) [ 0111]
min_sum_distances     (phi              ) [ 0011]
val_assign            (phi              ) [ 0011]
digit_recognized      (phi              ) [ 0010]
digit_recognized_cas  (zext             ) [ 0001]
exitcond7             (icmp             ) [ 0011]
empty                 (speclooptripcount) [ 0000]
i                     (add              ) [ 0111]
StgValue_12           (br               ) [ 0000]
tmp_s                 (zext             ) [ 0000]
knn_set_0_V_addr      (getelementptr    ) [ 0001]
tmp                   (trunc            ) [ 0000]
StgValue_17           (ret              ) [ 0000]
knn_set_0_V_load      (load             ) [ 0000]
extLd                 (sext             ) [ 0000]
tmp_3                 (zext             ) [ 0000]
tmp_1                 (icmp             ) [ 0000]
sum_distances_1_min_s (select           ) [ 0111]
i_0_digit_recognized  (select           ) [ 0111]
StgValue_24           (br               ) [ 0111]
</LifeTime>

<model>

<comp_list>
<comp id="0" class="1000" name="knn_set_0_V">
<pin_list>
<pin id="1" dir="1" index="0" bw="1" slack="0"/>
</pin_list>
<bind>
<StgValue><ssdm name="knn_set_0_V"/><MemPortTyVec>1 3 </MemPortTyVec>
</StgValue>
</bind>
</comp>

<comp id="2" class="1001" name="const_2">
<pin_list>
<pin id="3" dir="1" index="0" bw="1" slack="1"/>
</pin_list>
<bind>
<StgValue><ssdm name=""/></StgValue>
</bind>
</comp>

<comp id="4" class="1001" name="const_4">
<pin_list>
<pin id="5" dir="1" index="0" bw="1" slack="1"/>
</pin_list>
<bind>
<StgValue><ssdm name=""/></StgValue>
</bind>
</comp>

<comp id="6" class="1001" name="const_6">
<pin_list>
<pin id="7" dir="1" index="0" bw="1" slack="1"/>
</pin_list>
<bind>
<StgValue><ssdm name=""/></StgValue>
</bind>
</comp>

<comp id="8" class="1001" name="const_8">
<pin_list>
<pin id="9" dir="1" index="0" bw="1" slack="0"/>
</pin_list>
<bind>
<StgValue><ssdm name=""/></StgValue>
</bind>
</comp>

<comp id="10" class="1001" name="const_10">
<pin_list>
<pin id="11" dir="1" index="0" bw="1" slack="2147483647"/>
</pin_list>
<bind>
<StgValue><ssdm name="_ssdm_op_SpecLoopTripCount"/></StgValue>
</bind>
</comp>

<comp id="12" class="1001" name="const_12">
<pin_list>
<pin id="13" dir="1" index="0" bw="1" slack="2147483647"/>
</pin_list>
<bind>
<StgValue><ssdm name=""/></StgValue>
</bind>
</comp>

<comp id="14" class="1001" name="const_14">
<pin_list>
<pin id="15" dir="1" index="0" bw="1" slack="0"/>
</pin_list>
<bind>
<StgValue><ssdm name=""/></StgValue>
</bind>
</comp>

<comp id="16" class="1001" name="const_16">
<pin_list>
<pin id="17" dir="1" index="0" bw="1" slack="0"/>
</pin_list>
<bind>
<StgValue><ssdm name=""/></StgValue>
</bind>
</comp>

<comp id="18" class="1004" name="knn_set_0_V_addr_gep_fu_18">
<pin_list>
<pin id="19" dir="0" index="0" bw="5" slack="0"/>
<pin id="20" dir="0" index="1" bw="1" slack="0"/>
<pin id="21" dir="0" index="2" bw="4" slack="0"/>
<pin id="22" dir="1" index="3" bw="4" slack="0"/>
</pin_list>
<bind>
<opcode="getelementptr(29) " fcode="getelementptr"/>
<opset="knn_set_0_V_addr/2 "/>
</bind>
</comp>

<comp id="25" class="1004" name="grp_access_fu_25">
<pin_list>
<pin id="26" dir="0" index="0" bw="4" slack="0"/>
<pin id="27" dir="0" index="1" bw="5" slack="2147483647"/>
<pin id="28" dir="1" index="2" bw="5" slack="0"/>
</pin_list>
<bind>
<opcode="load(27) " fcode="load"/>
<opset="knn_set_0_V_load/2 "/>
</bind>
</comp>

<comp id="30" class="1005" name="min_sum_distances_reg_30">
<pin_list>
<pin id="31" dir="0" index="0" bw="32" slack="1"/>
<pin id="32" dir="1" index="1" bw="32" slack="1"/>
</pin_list>
<bind>
<opset="min_sum_distances (phireg) "/>
</bind>
</comp>

<comp id="34" class="1004" name="min_sum_distances_phi_fu_34">
<pin_list>
<pin id="35" dir="0" index="0" bw="7" slack="1"/>
<pin id="36" dir="0" index="1" bw="0" slack="2147483647"/>
<pin id="37" dir="0" index="2" bw="32" slack="1"/>
<pin id="38" dir="0" index="3" bw="0" slack="2147483647"/>
<pin id="39" dir="1" index="4" bw="32" slack="1"/>
</pin_list>
<bind>
<opcode="phi(47) " fcode="phi"/>
<opset="min_sum_distances/2 "/>
</bind>
</comp>

<comp id="42" class="1005" name="val_assign_reg_42">
<pin_list>
<pin id="43" dir="0" index="0" bw="32" slack="1"/>
<pin id="44" dir="1" index="1" bw="32" slack="1"/>
</pin_list>
<bind>
<opset="val_assign (phireg) "/>
</bind>
</comp>

<comp id="46" class="1004" name="val_assign_phi_fu_46">
<pin_list>
<pin id="47" dir="0" index="0" bw="1" slack="1"/>
<pin id="48" dir="0" index="1" bw="0" slack="2147483647"/>
<pin id="49" dir="0" index="2" bw="32" slack="1"/>
<pin id="50" dir="0" index="3" bw="0" slack="2147483647"/>
<pin id="51" dir="1" index="4" bw="32" slack="0"/>
</pin_list>
<bind>
<opcode="phi(47) " fcode="phi"/>
<opset="val_assign/2 "/>
</bind>
</comp>

<comp id="54" class="1005" name="digit_recognized_reg_54">
<pin_list>
<pin id="55" dir="0" index="0" bw="4" slack="1"/>
<pin id="56" dir="1" index="1" bw="4" slack="1"/>
</pin_list>
<bind>
<opset="digit_recognized (phireg) "/>
</bind>
</comp>

<comp id="58" class="1004" name="digit_recognized_phi_fu_58">
<pin_list>
<pin id="59" dir="0" index="0" bw="1" slack="1"/>
<pin id="60" dir="0" index="1" bw="0" slack="2147483647"/>
<pin id="61" dir="0" index="2" bw="4" slack="0"/>
<pin id="62" dir="0" index="3" bw="0" slack="2147483647"/>
<pin id="63" dir="1" index="4" bw="4" slack="0"/>
</pin_list>
<bind>
<opcode="phi(47) " fcode="phi"/>
<opset="digit_recognized/2 "/>
</bind>
</comp>

<comp id="65" class="1004" name="digit_recognized_cas_fu_65">
<pin_list>
<pin id="66" dir="0" index="0" bw="4" slack="0"/>
<pin id="67" dir="1" index="1" bw="32" slack="1"/>
</pin_list>
<bind>
<opcode="zext(34) " fcode="zext"/>
<opset="digit_recognized_cas/2 "/>
</bind>
</comp>

<comp id="69" class="1004" name="exitcond7_fu_69">
<pin_list>
<pin id="70" dir="0" index="0" bw="4" slack="0"/>
<pin id="71" dir="0" index="1" bw="4" slack="0"/>
<pin id="72" dir="1" index="2" bw="1" slack="2147483647"/>
</pin_list>
<bind>
<opcode="icmp(45) " fcode="icmp"/>
<opset="exitcond7/2 "/>
</bind>
</comp>

<comp id="75" class="1004" name="i_fu_75">
<pin_list>
<pin id="76" dir="0" index="0" bw="4" slack="0"/>
<pin id="77" dir="0" index="1" bw="1" slack="0"/>
<pin id="78" dir="1" index="2" bw="4" slack="0"/>
</pin_list>
<bind>
<opcode="add(8) " fcode="add"/>
<opset="i/2 "/>
</bind>
</comp>

<comp id="81" class="1004" name="tmp_s_fu_81">
<pin_list>
<pin id="82" dir="0" index="0" bw="4" slack="0"/>
<pin id="83" dir="1" index="1" bw="64" slack="0"/>
</pin_list>
<bind>
<opcode="zext(34) " fcode="zext"/>
<opset="tmp_s/2 "/>
</bind>
</comp>

<comp id="86" class="1004" name="tmp_fu_86">
<pin_list>
<pin id="87" dir="0" index="0" bw="32" slack="0"/>
<pin id="88" dir="1" index="1" bw="4" slack="2147483647"/>
</pin_list>
<bind>
<opcode="trunc(33) " fcode="trunc"/>
<opset="tmp/2 "/>
</bind>
</comp>

<comp id="90" class="1004" name="extLd_fu_90">
<pin_list>
<pin id="91" dir="0" index="0" bw="5" slack="0"/>
<pin id="92" dir="1" index="1" bw="6" slack="0"/>
</pin_list>
<bind>
<opcode="sext(35) " fcode="sext"/>
<opset="extLd/3 "/>
</bind>
</comp>

<comp id="94" class="1004" name="tmp_3_fu_94">
<pin_list>
<pin id="95" dir="0" index="0" bw="5" slack="0"/>
<pin id="96" dir="1" index="1" bw="32" slack="0"/>
</pin_list>
<bind>
<opcode="zext(34) " fcode="zext"/>
<opset="tmp_3/3 "/>
</bind>
</comp>

<comp id="98" class="1004" name="tmp_1_fu_98">
<pin_list>
<pin id="99" dir="0" index="0" bw="6" slack="0"/>
<pin id="100" dir="0" index="1" bw="32" slack="1"/>
<pin id="101" dir="1" index="2" bw="1" slack="0"/>
</pin_list>
<bind>
<opcode="icmp(45) " fcode="icmp"/>
<opset="tmp_1/3 "/>
</bind>
</comp>

<comp id="104" class="1004" name="sum_distances_1_min_s_fu_104">
<pin_list>
<pin id="105" dir="0" index="0" bw="1" slack="0"/>
<pin id="106" dir="0" index="1" bw="6" slack="0"/>
<pin id="107" dir="0" index="2" bw="32" slack="1"/>
<pin id="108" dir="1" index="3" bw="32" slack="1"/>
</pin_list>
<bind>
<opcode="select(49) " fcode="select"/>
<opset="sum_distances_1_min_s/3 "/>
</bind>
</comp>

<comp id="112" class="1004" name="i_0_digit_recognized_fu_112">
<pin_list>
<pin id="113" dir="0" index="0" bw="1" slack="0"/>
<pin id="114" dir="0" index="1" bw="4" slack="1"/>
<pin id="115" dir="0" index="2" bw="32" slack="1"/>
<pin id="116" dir="1" index="3" bw="32" slack="1"/>
</pin_list>
<bind>
<opcode="select(49) " fcode="select"/>
<opset="i_0_digit_recognized/3 "/>
</bind>
</comp>

<comp id="119" class="1005" name="digit_recognized_cas_reg_119">
<pin_list>
<pin id="120" dir="0" index="0" bw="32" slack="1"/>
<pin id="121" dir="1" index="1" bw="32" slack="1"/>
</pin_list>
<bind>
<opset="digit_recognized_cas "/>
</bind>
</comp>

<comp id="127" class="1005" name="i_reg_127">
<pin_list>
<pin id="128" dir="0" index="0" bw="4" slack="0"/>
<pin id="129" dir="1" index="1" bw="4" slack="0"/>
</pin_list>
<bind>
<opset="i "/>
</bind>
</comp>

<comp id="132" class="1005" name="knn_set_0_V_addr_reg_132">
<pin_list>
<pin id="133" dir="0" index="0" bw="4" slack="1"/>
<pin id="134" dir="1" index="1" bw="4" slack="1"/>
</pin_list>
<bind>
<opset="knn_set_0_V_addr "/>
</bind>
</comp>

<comp id="137" class="1005" name="sum_distances_1_min_s_reg_137">
<pin_list>
<pin id="138" dir="0" index="0" bw="32" slack="1"/>
<pin id="139" dir="1" index="1" bw="32" slack="1"/>
</pin_list>
<bind>
<opset="sum_distances_1_min_s "/>
</bind>
</comp>

<comp id="142" class="1005" name="i_0_digit_recognized_reg_142">
<pin_list>
<pin id="143" dir="0" index="0" bw="32" slack="1"/>
<pin id="144" dir="1" index="1" bw="32" slack="1"/>
</pin_list>
<bind>
<opset="i_0_digit_recognized "/>
</bind>
</comp>

</comp_list>

<net_list>
<net id="23"><net_src comp="0" pin="0"/><net_sink comp="18" pin=0"/></net>

<net id="24"><net_src comp="16" pin="0"/><net_sink comp="18" pin=1"/></net>

<net id="29"><net_src comp="18" pin="3"/><net_sink comp="25" pin=0"/></net>

<net id="33"><net_src comp="2" pin="0"/><net_sink comp="30" pin=0"/></net>

<net id="40"><net_src comp="30" pin="1"/><net_sink comp="34" pin=0"/></net>

<net id="41"><net_src comp="34" pin="4"/><net_sink comp="30" pin=0"/></net>

<net id="45"><net_src comp="4" pin="0"/><net_sink comp="42" pin=0"/></net>

<net id="52"><net_src comp="42" pin="1"/><net_sink comp="46" pin=0"/></net>

<net id="53"><net_src comp="46" pin="4"/><net_sink comp="42" pin=0"/></net>

<net id="57"><net_src comp="6" pin="0"/><net_sink comp="54" pin=0"/></net>

<net id="64"><net_src comp="54" pin="1"/><net_sink comp="58" pin=0"/></net>

<net id="68"><net_src comp="58" pin="4"/><net_sink comp="65" pin=0"/></net>

<net id="73"><net_src comp="58" pin="4"/><net_sink comp="69" pin=0"/></net>

<net id="74"><net_src comp="8" pin="0"/><net_sink comp="69" pin=1"/></net>

<net id="79"><net_src comp="58" pin="4"/><net_sink comp="75" pin=0"/></net>

<net id="80"><net_src comp="14" pin="0"/><net_sink comp="75" pin=1"/></net>

<net id="84"><net_src comp="58" pin="4"/><net_sink comp="81" pin=0"/></net>

<net id="85"><net_src comp="81" pin="1"/><net_sink comp="18" pin=2"/></net>

<net id="89"><net_src comp="46" pin="4"/><net_sink comp="86" pin=0"/></net>

<net id="93"><net_src comp="25" pin="2"/><net_sink comp="90" pin=0"/></net>

<net id="97"><net_src comp="90" pin="1"/><net_sink comp="94" pin=0"/></net>

<net id="102"><net_src comp="94" pin="1"/><net_sink comp="98" pin=0"/></net>

<net id="103"><net_src comp="30" pin="1"/><net_sink comp="98" pin=1"/></net>

<net id="109"><net_src comp="98" pin="2"/><net_sink comp="104" pin=0"/></net>

<net id="110"><net_src comp="94" pin="1"/><net_sink comp="104" pin=1"/></net>

<net id="111"><net_src comp="30" pin="1"/><net_sink comp="104" pin=2"/></net>

<net id="117"><net_src comp="98" pin="2"/><net_sink comp="112" pin=0"/></net>

<net id="118"><net_src comp="42" pin="1"/><net_sink comp="112" pin=2"/></net>

<net id="122"><net_src comp="65" pin="1"/><net_sink comp="119" pin=0"/></net>

<net id="123"><net_src comp="119" pin="1"/><net_sink comp="112" pin=1"/></net>

<net id="130"><net_src comp="75" pin="2"/><net_sink comp="127" pin=0"/></net>

<net id="131"><net_src comp="127" pin="1"/><net_sink comp="58" pin=2"/></net>

<net id="135"><net_src comp="18" pin="3"/><net_sink comp="132" pin=0"/></net>

<net id="136"><net_src comp="132" pin="1"/><net_sink comp="25" pin=0"/></net>

<net id="140"><net_src comp="104" pin="3"/><net_sink comp="137" pin=0"/></net>

<net id="141"><net_src comp="137" pin="1"/><net_sink comp="34" pin=2"/></net>

<net id="145"><net_src comp="112" pin="3"/><net_sink comp="142" pin=0"/></net>

<net id="146"><net_src comp="142" pin="1"/><net_sink comp="46" pin=2"/></net>

</net_list>

</model> 
---------------- Datapath Model END ------------------

* FSMD analyzer results:
  - Output states:
 - Input state : 
	Port: knn_vote : knn_set_0_V | {2 3 }
  - Chain level:
	State 1
	State 2
		digit_recognized_cas : 1
		exitcond7 : 1
		i : 1
		StgValue_12 : 2
		tmp_s : 1
		knn_set_0_V_addr : 2
		knn_set_0_V_load : 3
		tmp : 1
		StgValue_17 : 2
	State 3
		extLd : 1
		tmp_3 : 2
		tmp_1 : 3
		sum_distances_1_min_s : 4
		i_0_digit_recognized : 4


============================================================
+ Verbose Summary: Datapath Resource usage 
============================================================

* Functional unit list:
|----------|------------------------------|---------|---------|
| Operation|        Functional Unit       |    FF   |   LUT   |
|----------|------------------------------|---------|---------|
|  select  | sum_distances_1_min_s_fu_104 |    0    |    32   |
|          |  i_0_digit_recognized_fu_112 |    0    |    32   |
|----------|------------------------------|---------|---------|
|   icmp   |        exitcond7_fu_69       |    0    |    9    |
|          |          tmp_1_fu_98         |    0    |    18   |
|----------|------------------------------|---------|---------|
|    add   |            i_fu_75           |    0    |    13   |
|----------|------------------------------|---------|---------|
|          |  digit_recognized_cas_fu_65  |    0    |    0    |
|   zext   |          tmp_s_fu_81         |    0    |    0    |
|          |          tmp_3_fu_94         |    0    |    0    |
|----------|------------------------------|---------|---------|
|   trunc  |           tmp_fu_86          |    0    |    0    |
|----------|------------------------------|---------|---------|
|   sext   |          extLd_fu_90         |    0    |    0    |
|----------|------------------------------|---------|---------|
|   Total  |                              |    0    |   104   |
|----------|------------------------------|---------|---------|

Memories:
N/A

* Register list:
+-----------------------------+--------+
|                             |   FF   |
+-----------------------------+--------+
| digit_recognized_cas_reg_119|   32   |
|   digit_recognized_reg_54   |    4   |
| i_0_digit_recognized_reg_142|   32   |
|          i_reg_127          |    4   |
|   knn_set_0_V_addr_reg_132  |    4   |
|   min_sum_distances_reg_30  |   32   |
|sum_distances_1_min_s_reg_137|   32   |
|      val_assign_reg_42      |   32   |
+-----------------------------+--------+
|            Total            |   172  |
+-----------------------------+--------+

* Multiplexer (MUX) list: 
|--------------------------|------|------|------|--------||---------||---------|
|           Comp           |  Pin | Size |  BW  | S x BW ||  Delay  ||   LUT   |
|--------------------------|------|------|------|--------||---------||---------|
|     grp_access_fu_25     |  p0  |   2  |   4  |    8   ||    9    |
| min_sum_distances_reg_30 |  p0  |   2  |  32  |   64   ||    9    |
|     val_assign_reg_42    |  p0  |   2  |  32  |   64   ||    9    |
|--------------------------|------|------|------|--------||---------||---------|
|           Total          |      |      |      |   136  ||  5.307  ||    27   |
|--------------------------|------|------|------|--------||---------||---------|



* Summary:
+-----------+--------+--------+--------+
|           |  Delay |   FF   |   LUT  |
+-----------+--------+--------+--------+
|  Function |    -   |    0   |   104  |
|   Memory  |    -   |    -   |    -   |
|Multiplexer|    5   |    -   |   27   |
|  Register |    -   |   172  |    -   |
+-----------+--------+--------+--------+
|   Total   |    5   |   172  |   131  |
+-----------+--------+--------+--------+
