==============================================================
File generated by Vivado(TM) HLS - High-Level Synthesis from C, C++ and SystemC
Version: 2017.4
Copyright (C) 1986-2017 Xilinx, Inc. All Rights Reserved.

==============================================================

INFO: [SYN 201-201] Setting up clock 'default' with a period of 10ns.
INFO: [SIM 211-2] *************** CSIM start ***************
INFO: [SIM 211-4] CSIM will launch GCC as the compiler.
INFO: [SIM 211-1] CSim done with 0 errors.
INFO: [SIM 211-3] *************** CSIM finish ***************
INFO: [HLS 200-10] Analyzing design file 'digitrec.cpp' ...
INFO: [HLS 200-10] Validating synthesis directives ...
INFO: [HLS 200-111] Finished Checking Pragmas Time (s): cpu = 00:05:24 ; elapsed = 00:05:27 . Memory (MB): peak = 0.000 ; gain = 0.000 ; free physical = 8309 ; free virtual = 23707
INFO: [HLS 200-111] Finished Linking Time (s): cpu = 00:05:26 ; elapsed = 00:05:30 . Memory (MB): peak = 0.000 ; gain = 0.000 ; free physical = 8283 ; free virtual = 23681
INFO: [HLS 200-10] Starting code transformations ...
INFO: [HLS 200-111] Finished Standard Transforms Time (s): cpu = 00:05:43 ; elapsed = 00:05:48 . Memory (MB): peak = 0.000 ; gain = 0.000 ; free physical = 8345 ; free virtual = 23743
INFO: [HLS 200-10] Checking synthesizability ...
WARNING: [SYNCHK 200-23] digitrec.cpp:64: variable-indexed range selection may cause suboptimal QoR.
INFO: [SYNCHK 200-10] 0 error(s), 1 warning(s).
INFO: [HLS 200-111] Finished Checking Synthesizability Time (s): cpu = 00:05:44 ; elapsed = 00:05:49 . Memory (MB): peak = 0.000 ; gain = 0.000 ; free physical = 8359 ; free virtual = 23757
INFO: [HLS 200-111] Finished Pre-synthesis Time (s): cpu = 00:05:45 ; elapsed = 00:05:50 . Memory (MB): peak = 0.000 ; gain = 0.000 ; free physical = 8345 ; free virtual = 23743
INFO: [HLS 200-111] Finished Architecture Synthesis Time (s): cpu = 00:05:45 ; elapsed = 00:05:51 . Memory (MB): peak = 0.000 ; gain = 0.000 ; free physical = 8337 ; free virtual = 23735
INFO: [HLS 200-10] Starting hardware synthesis ...
INFO: [HLS 200-10] Synthesizing 'digitrec' ...
INFO: [HLS 200-10] ----------------------------------------------------------------
INFO: [HLS 200-42] -- Implementing module 'update_knn'
INFO: [HLS 200-10] ----------------------------------------------------------------
INFO: [SCHED 204-11] Starting scheduling ...
INFO: [SCHED 204-11] Finished scheduling.
INFO: [HLS 200-111]  Elapsed time: 70.96 seconds; current allocated memory: 315.534 MB.
INFO: [BIND 205-100] Starting micro-architecture generation ...
INFO: [BIND 205-101] Performing variable lifetime analysis.
INFO: [BIND 205-101] Exploring resource sharing.
INFO: [BIND 205-101] Binding ...
INFO: [BIND 205-100] Finished micro-architecture generation.
INFO: [HLS 200-111]  Elapsed time: 0.37 seconds; current allocated memory: 315.714 MB.
INFO: [HLS 200-10] ----------------------------------------------------------------
INFO: [HLS 200-42] -- Implementing module 'knn_vote'
INFO: [HLS 200-10] ----------------------------------------------------------------
INFO: [SCHED 204-11] Starting scheduling ...
INFO: [SCHED 204-11] Finished scheduling.
INFO: [HLS 200-111]  Elapsed time: 0.39 seconds; current allocated memory: 315.826 MB.
INFO: [BIND 205-100] Starting micro-architecture generation ...
INFO: [BIND 205-101] Performing variable lifetime analysis.
INFO: [BIND 205-101] Exploring resource sharing.
INFO: [BIND 205-101] Binding ...
INFO: [BIND 205-100] Finished micro-architecture generation.
INFO: [HLS 200-111]  Elapsed time: 0.26 seconds; current allocated memory: 315.970 MB.
INFO: [HLS 200-10] ----------------------------------------------------------------
INFO: [HLS 200-42] -- Implementing module 'digitrec'
INFO: [HLS 200-10] ----------------------------------------------------------------
INFO: [SCHED 204-11] Starting scheduling ...
INFO: [SCHED 204-11] Finished scheduling.
INFO: [HLS 200-111]  Elapsed time: 0.36 seconds; current allocated memory: 316.151 MB.
INFO: [BIND 205-100] Starting micro-architecture generation ...
INFO: [BIND 205-101] Performing variable lifetime analysis.
INFO: [BIND 205-101] Exploring resource sharing.
INFO: [BIND 205-101] Binding ...
INFO: [BIND 205-100] Finished micro-architecture generation.
INFO: [HLS 200-111]  Elapsed time: 0.35 seconds; current allocated memory: 316.349 MB.
INFO: [HLS 200-10] ----------------------------------------------------------------
INFO: [HLS 200-10] -- Generating RTL for module 'update_knn'
INFO: [HLS 200-10] ----------------------------------------------------------------
INFO: [RTGEN 206-100] Finished creating RTL model for 'update_knn'.
INFO: [HLS 200-111]  Elapsed time: 0.38 seconds; current allocated memory: 316.635 MB.
INFO: [HLS 200-10] ----------------------------------------------------------------
INFO: [HLS 200-10] -- Generating RTL for module 'knn_vote'
INFO: [HLS 200-10] ----------------------------------------------------------------
INFO: [RTGEN 206-100] Finished creating RTL model for 'knn_vote'.
INFO: [HLS 200-111]  Elapsed time: 0.46 seconds; current allocated memory: 317.591 MB.
INFO: [HLS 200-10] ----------------------------------------------------------------
INFO: [HLS 200-10] -- Generating RTL for module 'digitrec'
INFO: [HLS 200-10] ----------------------------------------------------------------
INFO: [RTGEN 206-500] Setting interface mode on port 'digitrec/input_V' to 'ap_none'.
INFO: [RTGEN 206-500] Setting interface mode on function 'digitrec' to 'ap_ctrl_hs'.
INFO: [SYN 201-210] Renamed object name 'digitrec_training_data_V' to 'digitrec_trainingbkb' due to the length limit 20
INFO: [RTGEN 206-100] Finished creating RTL model for 'digitrec'.
INFO: [HLS 200-111]  Elapsed time: 0.5 seconds; current allocated memory: 318.558 MB.
INFO: [RTMG 210-279] Implementing memory 'digitrec_trainingbkb_rom' using auto ROMs.
INFO: [RTMG 210-278] Implementing memory 'digitrec_knn_set_V_ram (RAM)' using block RAMs.
INFO: [HLS 200-111] Finished generating all RTL models Time (s): cpu = 00:05:50 ; elapsed = 00:05:58 . Memory (MB): peak = 0.000 ; gain = 0.000 ; free physical = 8341 ; free virtual = 23739
INFO: [SYSC 207-301] Generating SystemC RTL for digitrec.
INFO: [VHDL 208-304] Generating VHDL RTL for digitrec.
INFO: [VLOG 209-307] Generating Verilog RTL for digitrec.
INFO: [HLS 200-112] Total elapsed time: 4238.64 seconds; peak allocated memory: 318.558 MB.
