

================================================================
== Vivado HLS Report for 'knn_vote'
================================================================
* Date:           Tue Feb 20 21:12:07 2018

* Version:        2017.4 (Build 2086221 on Fri Dec 15 21:13:33 MST 2017)
* Project:        1-nn.prj
* Solution:       solution1
* Product family: zynq
* Target device:  xc7z020clg484-1


================================================================
== Performance Estimates
================================================================
+ Timing (ns): 
    * Summary: 
    +--------+-------+----------+------------+
    |  Clock | Target| Estimated| Uncertainty|
    +--------+-------+----------+------------+
    |ap_clk  |  10.00|      6.17|        1.25|
    +--------+-------+----------+------------+

+ Latency (clock cycles): 
    * Summary: 
    +-----+-----+-----+-----+---------+
    |  Latency  |  Interval | Pipeline|
    | min | max | min | max |   Type  |
    +-----+-----+-----+-----+---------+
    |   21|   21|   21|   21|   none  |
    +-----+-----+-----+-----+---------+

    + Detail: 
        * Instance: 
        N/A

        * Loop: 
        +----------+-----+-----+----------+-----------+-----------+------+----------+
        |          |  Latency  | Iteration|  Initiation Interval  | Trip |          |
        | Loop Name| min | max |  Latency |  achieved |   target  | Count| Pipelined|
        +----------+-----+-----+----------+-----------+-----------+------+----------+
        |- Loop 1  |   20|   20|         2|          -|          -|    10|    no    |
        +----------+-----+-----+----------+-----------+-----------+------+----------+



================================================================
== Utilization Estimates
================================================================
* Summary: 
+-----------------+---------+-------+--------+-------+
|       Name      | BRAM_18K| DSP48E|   FF   |  LUT  |
+-----------------+---------+-------+--------+-------+
|DSP              |        -|      -|       -|      -|
|Expression       |        -|      -|       0|    104|
|FIFO             |        -|      -|       -|      -|
|Instance         |        -|      -|       -|      -|
|Memory           |        -|      -|       -|      -|
|Multiplexer      |        -|      -|       -|     48|
|Register         |        -|      -|      83|      -|
+-----------------+---------+-------+--------+-------+
|Total            |        0|      0|      83|    152|
+-----------------+---------+-------+--------+-------+
|Available        |      280|    220|  106400|  53200|
+-----------------+---------+-------+--------+-------+
|Utilization (%)  |        0|      0|   ~0   |   ~0  |
+-----------------+---------+-------+--------+-------+

+ Detail: 
    * Instance: 
    N/A

    * DSP48: 
    N/A

    * Memory: 
    N/A

    * FIFO: 
    N/A

    * Expression: 
    +---------------------------------+----------+-------+---+----+------------+------------+
    |          Variable Name          | Operation| DSP48E| FF| LUT| Bitwidth P0| Bitwidth P1|
    +---------------------------------+----------+-------+---+----+------------+------------+
    |i_fu_75_p2                       |     +    |      0|  0|  13|           4|           1|
    |exitcond7_fu_69_p2               |   icmp   |      0|  0|   9|           4|           4|
    |tmp_1_fu_98_p2                   |   icmp   |      0|  0|  18|          32|          32|
    |i_0_digit_recognized_fu_112_p3   |  select  |      0|  0|  32|           1|          32|
    |sum_distances_1_min_s_fu_104_p3  |  select  |      0|  0|  32|           1|          32|
    +---------------------------------+----------+-------+---+----+------------+------------+
    |Total                            |          |      0|  0| 104|          42|         101|
    +---------------------------------+----------+-------+---+----+------------+------------+

    * Multiplexer: 
    +--------------------------+----+-----------+-----+-----------+
    |           Name           | LUT| Input Size| Bits| Total Bits|
    +--------------------------+----+-----------+-----+-----------+
    |ap_NS_fsm                 |  21|          4|    1|          4|
    |ap_return                 |   9|          2|    4|          8|
    |digit_recognized_reg_54   |   9|          2|    4|          8|
    |min_sum_distances_reg_30  |   9|          2|   32|         64|
    +--------------------------+----+-----------+-----+-----------+
    |Total                     |  48|         10|   41|         84|
    +--------------------------+----+-----------+-----+-----------+

    * Register: 
    +------------------------------+----+----+-----+-----------+
    |             Name             | FF | LUT| Bits| Const Bits|
    +------------------------------+----+----+-----+-----------+
    |ap_CS_fsm                     |   3|   0|    3|          0|
    |ap_return_preg                |   4|   0|    4|          0|
    |digit_recognized_cas_reg_119  |   4|   0|   32|         28|
    |digit_recognized_reg_54       |   4|   0|    4|          0|
    |i_reg_127                     |   4|   0|    4|          0|
    |min_sum_distances_reg_30      |  32|   0|   32|          0|
    |val_assign_reg_42             |  32|   0|   32|          0|
    +------------------------------+----+----+-----+-----------+
    |Total                         |  83|   0|  111|         28|
    +------------------------------+----+----+-----+-----------+



================================================================
== Interface
================================================================
* Summary: 
+----------------------+-----+-----+------------+--------------+--------------+
|       RTL Ports      | Dir | Bits|  Protocol  | Source Object|    C Type    |
+----------------------+-----+-----+------------+--------------+--------------+
|ap_clk                |  in |    1| ap_ctrl_hs |   knn_vote   | return value |
|ap_rst                |  in |    1| ap_ctrl_hs |   knn_vote   | return value |
|ap_start              |  in |    1| ap_ctrl_hs |   knn_vote   | return value |
|ap_done               | out |    1| ap_ctrl_hs |   knn_vote   | return value |
|ap_idle               | out |    1| ap_ctrl_hs |   knn_vote   | return value |
|ap_ready              | out |    1| ap_ctrl_hs |   knn_vote   | return value |
|ap_return             | out |    4| ap_ctrl_hs |   knn_vote   | return value |
|knn_set_0_V_address0  | out |    4|  ap_memory |  knn_set_0_V |     array    |
|knn_set_0_V_ce0       | out |    1|  ap_memory |  knn_set_0_V |     array    |
|knn_set_0_V_q0        |  in |    5|  ap_memory |  knn_set_0_V |     array    |
+----------------------+-----+-----+------------+--------------+--------------+

